Determining if the Q_WS_WIN exist failed with the following output:
Change Dir: /home/worxli/fastfusion/CMakeFiles/CMakeTmp

Run Build Command:/usr/bin/make "cmTryCompileExec2145475098/fast"
/usr/bin/make -f CMakeFiles/cmTryCompileExec2145475098.dir/build.make CMakeFiles/cmTryCompileExec2145475098.dir/build
make[1]: Entering directory `/home/worxli/fastfusion/CMakeFiles/CMakeTmp'
/usr/bin/cmake -E cmake_progress_report /home/worxli/fastfusion/CMakeFiles/CMakeTmp/CMakeFiles 1
Building CXX object CMakeFiles/cmTryCompileExec2145475098.dir/CheckSymbolExists.cxx.o
/usr/bin/c++    -Wall -msse4.2 -funroll-loops -fopenmp  -I/usr/include/qt4    -o CMakeFiles/cmTryCompileExec2145475098.dir/CheckSymbolExists.cxx.o -c /home/worxli/fastfusion/CMakeFiles/CMakeTmp/CheckSymbolExists.cxx
/home/worxli/fastfusion/CMakeFiles/CMakeTmp/CheckSymbolExists.cxx: In function ‘int main(int, char**)’:
/home/worxli/fastfusion/CMakeFiles/CMakeTmp/CheckSymbolExists.cxx:8:19: error: ‘Q_WS_WIN’ was not declared in this scope
   return ((int*)(&Q_WS_WIN))[argc];
                   ^
make[1]: Leaving directory `/home/worxli/fastfusion/CMakeFiles/CMakeTmp'
make[1]: *** [CMakeFiles/cmTryCompileExec2145475098.dir/CheckSymbolExists.cxx.o] Error 1
make: *** [cmTryCompileExec2145475098/fast] Error 2

File /home/worxli/fastfusion/CMakeFiles/CMakeTmp/CheckSymbolExists.cxx:
/* */
#include <QtCore/qglobal.h>

int main(int argc, char** argv)
{
  (void)argv;
#ifndef Q_WS_WIN
  return ((int*)(&Q_WS_WIN))[argc];
#else
  (void)argc;
  return 0;
#endif
}

Determining if the Q_WS_QWS exist failed with the following output:
Change Dir: /home/worxli/fastfusion/CMakeFiles/CMakeTmp

Run Build Command:/usr/bin/make "cmTryCompileExec2539977985/fast"
/usr/bin/make -f CMakeFiles/cmTryCompileExec2539977985.dir/build.make CMakeFiles/cmTryCompileExec2539977985.dir/build
make[1]: Entering directory `/home/worxli/fastfusion/CMakeFiles/CMakeTmp'
/usr/bin/cmake -E cmake_progress_report /home/worxli/fastfusion/CMakeFiles/CMakeTmp/CMakeFiles 1
Building CXX object CMakeFiles/cmTryCompileExec2539977985.dir/CheckSymbolExists.cxx.o
/usr/bin/c++    -Wall -msse4.2 -funroll-loops -fopenmp  -I/usr/include/qt4    -o CMakeFiles/cmTryCompileExec2539977985.dir/CheckSymbolExists.cxx.o -c /home/worxli/fastfusion/CMakeFiles/CMakeTmp/CheckSymbolExists.cxx
/home/worxli/fastfusion/CMakeFiles/CMakeTmp/CheckSymbolExists.cxx: In function ‘int main(int, char**)’:
/home/worxli/fastfusion/CMakeFiles/CMakeTmp/CheckSymbolExists.cxx:8:19: error: ‘Q_WS_QWS’ was not declared in this scope
   return ((int*)(&Q_WS_QWS))[argc];
                   ^
make[1]: *** [CMakeFiles/cmTryCompileExec2539977985.dir/CheckSymbolExists.cxx.o] Error 1
make[1]: Leaving directory `/home/worxli/fastfusion/CMakeFiles/CMakeTmp'
make: *** [cmTryCompileExec2539977985/fast] Error 2

File /home/worxli/fastfusion/CMakeFiles/CMakeTmp/CheckSymbolExists.cxx:
/* */
#include <QtCore/qglobal.h>

int main(int argc, char** argv)
{
  (void)argv;
#ifndef Q_WS_QWS
  return ((int*)(&Q_WS_QWS))[argc];
#else
  (void)argc;
  return 0;
#endif
}

Determining if the Q_WS_MAC exist failed with the following output:
Change Dir: /home/worxli/fastfusion/CMakeFiles/CMakeTmp

Run Build Command:/usr/bin/make "cmTryCompileExec455150099/fast"
/usr/bin/make -f CMakeFiles/cmTryCompileExec455150099.dir/build.make CMakeFiles/cmTryCompileExec455150099.dir/build
make[1]: Entering directory `/home/worxli/fastfusion/CMakeFiles/CMakeTmp'
/usr/bin/cmake -E cmake_progress_report /home/worxli/fastfusion/CMakeFiles/CMakeTmp/CMakeFiles 1
Building CXX object CMakeFiles/cmTryCompileExec455150099.dir/CheckSymbolExists.cxx.o
/usr/bin/c++    -Wall -msse4.2 -funroll-loops -fopenmp  -I/usr/include/qt4    -o CMakeFiles/cmTryCompileExec455150099.dir/CheckSymbolExists.cxx.o -c /home/worxli/fastfusion/CMakeFiles/CMakeTmp/CheckSymbolExists.cxx
/home/worxli/fastfusion/CMakeFiles/CMakeTmp/CheckSymbolExists.cxx: In function ‘int main(int, char**)’:
/home/worxli/fastfusion/CMakeFiles/CMakeTmp/CheckSymbolExists.cxx:8:19: error: ‘Q_WS_MAC’ was not declared in this scope
   return ((int*)(&Q_WS_MAC))[argc];
                   ^
make[1]: Leaving directory `/home/worxli/fastfusion/CMakeFiles/CMakeTmp'
make[1]: *** [CMakeFiles/cmTryCompileExec455150099.dir/CheckSymbolExists.cxx.o] Error 1
make: *** [cmTryCompileExec455150099/fast] Error 2

File /home/worxli/fastfusion/CMakeFiles/CMakeTmp/CheckSymbolExists.cxx:
/* */
#include <QtCore/qglobal.h>

int main(int argc, char** argv)
{
  (void)argv;
#ifndef Q_WS_MAC
  return ((int*)(&Q_WS_MAC))[argc];
#else
  (void)argc;
  return 0;
#endif
}

